
> pomo@0.1.0 tauri:build
> tauri build

        Info Looking up installed tauri packages to check mismatched versions...
       Error Failed to parse version `2` for crate `tauri-plugin-log`
     Running beforeBuildCommand `npm run build`

> pomo@0.1.0 build
> next build

   ▲ Next.js 15.5.4
   - Environments: .env.local

   Creating an optimized production build ...
 ✓ Compiled successfully in 2.4s
   Linting and checking validity of types ...
Failed to compile.

./app/page.tsx:51:57
Type error: Conversion of type 'Window & typeof globalThis' to type 'Window & { webkitAudioContext: { new (contextOptions?: AudioContextOptions | undefined): AudioContext; prototype: AudioContext; }; }' may be a mistake because neither type sufficiently overlaps with the other. If this was intentional, convert the expression to 'unknown' first.
  Property 'webkitAudioContext' is missing in type 'Window & typeof globalThis' but required in type '{ webkitAudioContext: { new (contextOptions?: AudioContextOptions | undefined): AudioContext; prototype: AudioContext; }; }'.

[0m [90m 49 |[39m   [36mconst[39m playCompletionSound [33m=[39m useCallback(() [33m=>[39m {
 [90m 50 |[39m     [36mtry[39m {
[31m[1m>[22m[39m[90m 51 |[39m       [36mconst[39m [33mAudioContextClass[39m [33m=[39m window[33m.[39m[33mAudioContext[39m [33m||[39m (window [36mas[39m [33mWindow[39m [33m&[39m { webkitAudioContext[33m:[39m [36mtypeof[39m [33mAudioContext[39m })[33m.[39mwebkitAudioContext[33m;[39m
 [90m    |[39m                                                         [31m[1m^[22m[39m
 [90m 52 |[39m       [36mconst[39m audioContext [33m=[39m [36mnew[39m [33mAudioContextClass[39m()[33m;[39m
 [90m 53 |[39m       [36mconst[39m oscillator [33m=[39m audioContext[33m.[39mcreateOscillator()[33m;[39m
 [90m 54 |[39m       [36mconst[39m gainNode [33m=[39m audioContext[33m.[39mcreateGain()[33m;[39m[0m
Next.js build worker exited with code: 1 and signal: null
beforeBuildCommand `npm run build` failed with exit code 1
       Error beforeBuildCommand `npm run build` failed with exit code 1
